<?xml version="1.0" encoding="UTF-8"?>
<testsuite xmlns:xsi="http://www.w3.org/2001/XMLSchema-instance" xsi:noNamespaceSchemaLocation="https://maven.apache.org/surefire/maven-surefire-plugin/xsd/surefire-test-report-3.0.xsd" version="3.0" name="com.axisrobo.aep.McpBridgeTest" time="0.029" tests="10" errors="0" skipped="0" failures="0">
  <properties>
[...]
</properties>
  <testcase name="unknownToolReturnsError" classname="com.axisrobo.aep.McpBridgeTest" time="0.002"/>
  <testcase name="asyncToolHandlerEmitsFailedOnError" classname="com.axisrobo.aep.McpBridgeTest" time="0.009"/>
  <testcase name="handlerExceptionReturnsIsError" classname="com.axisrobo.aep.McpBridgeTest" time="0.002"/>
  <testcase name="notificationsInitializedReturnsNull" classname="com.axisrobo.aep.McpBridgeTest" time="0.001"/>
  <testcase name="toolsListReturnsRegisteredTools" classname="com.axisrobo.aep.McpBridgeTest" time="0.001"/>
  <testcase name="initializeReturnsServerInfo" classname="com.axisrobo.aep.McpBridgeTest" time="0.001"/>
  <testcase name="unknownMethodReturnsError" classname="com.axisrobo.aep.McpBridgeTest" time="0.001"/>
  <testcase name="asyncToolHandlerEmitsLifecycle" classname="com.axisrobo.aep.McpBridgeTest" time="0.004"/>
  <testcase name="malformedRequestReturnsError" classname="com.axisrobo.aep.McpBridgeTest" time="0.001"/>
  <testcase name="toolsCallInvokesHandler" classname="com.axisrobo.aep.McpBridgeTest" time="0.002"/>
</testsuite>